Build started 2014-12-08 14:35:33.
     1>Project "C:\Users\lotek\documents\visual studio 2010\Projects\kapitandupa\kapitandupa\kapitandupa.vcxproj" on node 2 (build target(s)).
     1>InitializeBuildStatus:
         Creating "Debug\kapitandupa.unsuccessfulbuild" because "AlwaysCreate" was specified.
       ClCompile:
         c:\Program Files (x86)\Microsoft Visual Studio 10.0\VC\bin\CL.exe /c /ZI /nologo /W3 /WX- /Od /Oy- /D WIN32 /D _DEBUG /D _WINDOWS /D _UNICODE /D UNICODE /Gm /EHsc /RTC1 /MDd /GS /fp:precise /Zc:wchar_t /Zc:forScope /Fo"Debug\\" /Fd"Debug\vc100.pdb" /Gd /TP /analyze- /errorReport:prompt _main.cpp
         _main.cpp
       ManifestResourceCompile:
         All outputs are up-to-date.
       Link:
         c:\Program Files (x86)\Microsoft Visual Studio 10.0\VC\bin\link.exe /ERRORREPORT:PROMPT /OUT:"C:\Users\lotek\documents\visual studio 2010\Projects\kapitandupa\Debug\kapitandupa.exe" /INCREMENTAL /NOLOGO kernel32.lib user32.lib gdi32.lib winspool.lib comdlg32.lib advapi32.lib shell32.lib ole32.lib oleaut32.lib uuid.lib odbc32.lib odbccp32.lib /MANIFEST /ManifestFile:"Debug\kapitandupa.exe.intermediate.manifest" /MANIFESTUAC:"level='asInvoker' uiAccess='false'" /DEBUG /PDB:"C:\Users\lotek\documents\visual studio 2010\Projects\kapitandupa\Debug\kapitandupa.pdb" /SUBSYSTEM:WINDOWS /TLBID:1 /DYNAMICBASE /NXCOMPAT /IMPLIB:"C:\Users\lotek\documents\visual studio 2010\Projects\kapitandupa\Debug\kapitandupa.lib" /MACHINE:X86 Debug\kapitandupa.exe.embed.manifest.res
         Debug\_main.obj
       Manifest:
         C:\Program Files (x86)\Microsoft SDKs\Windows\v7.0A\bin\mt.exe /nologo /verbose /out:"Debug\kapitandupa.exe.embed.manifest" /manifest Debug\kapitandupa.exe.intermediate.manifest
         All outputs are up-to-date.
       LinkEmbedManifest:
         All outputs are up-to-date.
         kapitandupa.vcxproj -> C:\Users\lotek\documents\visual studio 2010\Projects\kapitandupa\Debug\kapitandupa.exe
       FinalizeBuildStatus:
         Deleting file "Debug\kapitandupa.unsuccessfulbuild".
         Touching "Debug\kapitandupa.lastbuildstate".
     1>Done Building Project "C:\Users\lotek\documents\visual studio 2010\Projects\kapitandupa\kapitandupa\kapitandupa.vcxproj" (build target(s)).

Build succeeded.

Time Elapsed 00:00:03.02
