c:\users\lotek\documents\visual studio 2010\projects\kapitandupa\kapitandupa\release\_main.obj
c:\users\lotek\documents\visual studio 2010\projects\kapitandupa\kapitandupa\release\vc100.pdb
c:\users\lotek\documents\visual studio 2010\projects\kapitandupa\release\kapitandupa.exe
c:\users\lotek\documents\visual studio 2010\projects\kapitandupa\kapitandupa\release\kapitandupa.exe.intermediate.manifest
c:\users\lotek\documents\visual studio 2010\projects\kapitandupa\release\kapitandupa.pdb
c:\users\micha\documents\visual studio 2015\projects\nowsze niz stare\kapitandupa\kapitandupa\release\vc140.pdb
c:\users\micha\documents\visual studio 2015\projects\nowsze niz stare\kapitandupa\kapitandupa\release\_main.obj
c:\users\micha\documents\visual studio 2015\projects\nowsze niz stare\kapitandupa\kapitandupa\release\kapitandupa.vcxprojresolveassemblyreference.cache
c:\users\micha\documents\visual studio 2015\projects\nowsze niz stare\kapitandupa\kapitandupa\release\cl.command.1.tlog
c:\users\micha\documents\visual studio 2015\projects\nowsze niz stare\kapitandupa\kapitandupa\release\cl.read.1.tlog
c:\users\micha\documents\visual studio 2015\projects\nowsze niz stare\kapitandupa\kapitandupa\release\cl.write.1.tlog
c:\users\micha\documents\visual studio 2015\projects\nowsze niz stare\kapitandupa\kapitandupa\release\kapitandupa.write.1.tlog
c:\users\micha\documents\visual studio 2015\projects\nowsze niz stare\kapitandupa\kapitandupa\release\link.command.1.tlog
c:\users\micha\documents\visual studio 2015\projects\nowsze niz stare\kapitandupa\kapitandupa\release\link.read.1.tlog
c:\users\micha\documents\visual studio 2015\projects\nowsze niz stare\kapitandupa\kapitandupa\release\link.write.1.tlog
c:\users\micha\documents\visual studio 2015\projects\nowsze niz stare\kapitandupa\kapitandupa\release\mt.command.1.tlog
c:\users\micha\documents\visual studio 2015\projects\nowsze niz stare\kapitandupa\kapitandupa\release\mt.read.1.tlog
c:\users\micha\documents\visual studio 2015\projects\nowsze niz stare\kapitandupa\kapitandupa\release\mt.write.1.tlog
c:\users\micha\documents\visual studio 2015\projects\nowsze niz stare\kapitandupa\kapitandupa\release\kapitandupa.exe.intermediate.manifest
c:\users\micha\documents\visual studio 2015\projects\nowsze niz stare\kapitandupa\kapitandupa\release\vc100.pdb
c:\users\micha\documents\visual studio 2015\projects\nowsze niz stare\kapitandupa\release\kapitandupa.pdb
c:\users\micha\documents\visual studio 2015\projects\nowsze niz stare\kapitandupa\kapitandupa\release\kapitandupa.tlog\cl.command.1.tlog
c:\users\micha\documents\visual studio 2015\projects\nowsze niz stare\kapitandupa\kapitandupa\release\kapitandupa.tlog\cl.read.1.tlog
c:\users\micha\documents\visual studio 2015\projects\nowsze niz stare\kapitandupa\kapitandupa\release\kapitandupa.tlog\cl.write.1.tlog
c:\users\micha\documents\visual studio 2015\projects\nowsze niz stare\kapitandupa\kapitandupa\release\kapitandupa.tlog\link-cvtres.read.1.tlog
c:\users\micha\documents\visual studio 2015\projects\nowsze niz stare\kapitandupa\kapitandupa\release\kapitandupa.tlog\link-cvtres.write.1.tlog
c:\users\micha\documents\visual studio 2015\projects\nowsze niz stare\kapitandupa\kapitandupa\release\kapitandupa.tlog\link-rc.read.1.tlog
c:\users\micha\documents\visual studio 2015\projects\nowsze niz stare\kapitandupa\kapitandupa\release\kapitandupa.tlog\link-rc.write.1.tlog
c:\users\micha\documents\visual studio 2015\projects\nowsze niz stare\kapitandupa\kapitandupa\release\kapitandupa.tlog\link.command.1.tlog
c:\users\micha\documents\visual studio 2015\projects\nowsze niz stare\kapitandupa\kapitandupa\release\kapitandupa.tlog\link.read.1.tlog
c:\users\micha\documents\visual studio 2015\projects\nowsze niz stare\kapitandupa\kapitandupa\release\kapitandupa.tlog\link.write.1.tlog
